2026/04/03 11:23:42 [INFO] Packer version: 1.15.1 [go1.25.8 darwin amd64]
2026/04/03 11:23:42 [INFO] PACKER_CONFIG env var not set; checking the default config file path
2026/04/03 11:23:42 [INFO] PACKER_CONFIG env var set; attempting to open config file: /Users/mike/.packerconfig
2026/04/03 11:23:42 [WARN] Config file doesn't exist: /Users/mike/.packerconfig
2026/04/03 11:23:42 [INFO] Setting cache directory: /Users/mike/.cache/packer
e: cannot determine if process is in background: Process background check error: fork/exec /bin/ps: operation not permitted
e: No tty available: open /dev/tty: device not configured
2026/04/03 11:23:42 [TRACE] listing potential installations for "github.com/hashicorp/amazon" that match ">= 1.3.1". plugingetter.ListInstallationsOptions{PluginDirectory:"/Users/mike/.config/packer/plugins", BinaryInstallationOptions:plugingetter.BinaryInstallationOptions{APIVersionMajor:"5", APIVersionMinor:"0", OS:"darwin", ARCH:"amd64", Ext:"", Checksummers:[]plugingetter.Checksummer{plugingetter.Checksummer{Type:"sha256", Hash:(*sha256.Digest)(0xc000c9a080)}}, ReleasesOnly:false}}
2026/04/03 11:23:42 [TRACE] Found the following "github.com/hashicorp/amazon" installations: [{/Users/mike/.config/packer/plugins/github.com/hashicorp/amazon/packer-plugin-amazon_v1.8.0_x5.0_darwin_amd64 v1.8.0 x5.0}]
2026/04/03 11:23:42 [INFO] found external [chroot ebs ebssurrogate ebsvolume instance] builders from amazon plugin
2026/04/03 11:23:42 [INFO] found external [import] post-processors from amazon plugin
2026/04/03 11:23:42 found external [ami parameterstore secretsmanager] datasource from amazon plugin
2026/04/03 11:23:42 [TRACE] listing potential installations for <nil> that match "". plugingetter.ListInstallationsOptions{PluginDirectory:"/Users/mike/.config/packer/plugins", BinaryInstallationOptions:plugingetter.BinaryInstallationOptions{APIVersionMajor:"5", APIVersionMinor:"0", OS:"darwin", ARCH:"amd64", Ext:"", Checksummers:[]plugingetter.Checksummer{plugingetter.Checksummer{Type:"sha256", Hash:(*sha256.Digest)(0xc0009de880)}}, ReleasesOnly:false}}
2026/04/03 11:23:43 [INFO] found external [chroot ebs ebssurrogate ebsvolume instance] builders from amazon plugin
2026/04/03 11:23:43 [INFO] found external [import] post-processors from amazon plugin
2026/04/03 11:23:43 found external [ami parameterstore secretsmanager] datasource from amazon plugin
2026/04/03 11:23:43 [TRACE] Using protobuf for communication with plugins
2026/04/03 11:23:43 [INFO] Starting external plugin /Users/mike/.config/packer/plugins/github.com/hashicorp/amazon/packer-plugin-amazon_v1.8.0_x5.0_darwin_amd64 start datasource --protobuf ami
2026/04/03 11:23:43 Starting plugin: /Users/mike/.config/packer/plugins/github.com/hashicorp/amazon/packer-plugin-amazon_v1.8.0_x5.0_darwin_amd64 []string{"/Users/mike/.config/packer/plugins/github.com/hashicorp/amazon/packer-plugin-amazon_v1.8.0_x5.0_darwin_amd64", "start", "datasource", "--protobuf", "ami"}
2026/04/03 11:23:43 Waiting for RPC address for: /Users/mike/.config/packer/plugins/github.com/hashicorp/amazon/packer-plugin-amazon_v1.8.0_x5.0_darwin_amd64
2026/04/03 11:23:43 packer-plugin-amazon_v1.8.0_x5.0_darwin_amd64 plugin: listen unix /var/folders/q_/1jcvlx3n197bc_gsmbd35jr40000gn/T/packer-plugin1421497355: bind: operation not permitted
2026/04/03 11:23:43 /Users/mike/.config/packer/plugins/github.com/hashicorp/amazon/packer-plugin-amazon_v1.8.0_x5.0_darwin_amd64: plugin process exited
2026/04/03 11:23:43 waiting for all plugin processes to complete...
panic: runtime error: invalid memory address or nil pointer dereference
[signal SIGSEGV: segmentation violation code=0x1 addr=0x18 pc=0x5f08447]

goroutine 1 [running]:
github.com/hashicorp/packer/hcl2template.decodeHCL2Spec({0x7582c38, 0xc0001c3a20}, 0xc0007283a8, {0x0?, 0x0?})
	github.com/hashicorp/packer/hcl2template/decode.go:20 +0x27
github.com/hashicorp/packer/hcl2template.(*PackerConfig).startDatasource(0xc00011a3c0, {{0xc00098c0c0, 0xa}, {0xc00098c0f0, 0xc}, {0x0, 0x0, 0x0}, {{{0x0, 0x0}}, ...}, ...})
	github.com/hashicorp/packer/hcl2template/types.datasource.go:117 +0x7d8
github.com/hashicorp/packer/hcl2template.(*PackerConfig).evaluateDatasource(0xc00011a3c0, {{0xc00098c0c0, 0xa}, {0xc00098c0f0, 0xc}, {0x0, 0x0, 0x0}, {{{0x0, 0x0}}, ...}, ...}, ...)
	github.com/hashicorp/packer/hcl2template/types.packer_config.go:498 +0x58
github.com/hashicorp/packer/hcl2template.(*PackerConfig).evaluateBuildPrereqs.func1(...)
	github.com/hashicorp/packer/hcl2template/parser.go:503
github.com/hashicorp/packer/hcl2template.(*PackerConfig).evaluateBuildPrereqs(0xc00011a3c0, 0x1)
	github.com/hashicorp/packer/hcl2template/parser.go:537 +0x308
github.com/hashicorp/packer/hcl2template.(*PackerConfig).Initialize(0xc00011a3c0, {0x0?, 0x0?})
	github.com/hashicorp/packer/hcl2template/parser.go:554 +0x318
github.com/hashicorp/packer/command.(*ValidateCommand).RunContext(0xc000661800, {0xc000072200?, 0x1?}, 0xc0001b81b0)
	github.com/hashicorp/packer/command/validate.go:84 +0x15f
github.com/hashicorp/packer/command.(*ValidateCommand).Run(0xc000661800, {0xc000072200, 0x1, 0x1})
	github.com/hashicorp/packer/command/validate.go:29 +0xb3
github.com/mitchellh/cli.(*CLI).Run(0xc00019d540)
	github.com/mitchellh/cli@v1.1.5/cli.go:262 +0x4ed
main.wrappedMain()
	github.com/hashicorp/packer/main.go:274 +0xe6c
main.realMain()
	github.com/hashicorp/packer/main.go:51 +0xd5
main.main()
	github.com/hashicorp/packer/main.go:37 +0x13
